[1767544729.718] Opened output stream device=None sr=48000 ch=2 block=2048
[1767544730.253] [OUTPUT-PROBE] status=0/0 levels=0/0 times=0/0 master=15/0 finished=0/0
[1767544730.768] [OUTPUT-PROBE] status=0/0 levels=0/0 times=0/0 master=17/0 finished=0/0
[1767544731.281] [OUTPUT-PROBE] status=0/0 levels=0/0 times=0/0 master=16/0 finished=0/0
[1767544731.798] [OUTPUT-PROBE] status=0/0 levels=0/0 times=0/0 master=17/0 finished=0/0
[1767544732.310] [OUTPUT-PROBE] status=0/0 levels=0/0 times=0/0 master=15/0 finished=0/0
[1767544732.823] [OUTPUT-PROBE] status=0/0 levels=0/0 times=0/0 master=16/0 finished=0/0
[1767544733.329] [OUTPUT-PROBE] status=0/0 levels=0/0 times=0/0 master=16/0 finished=0/0
[1767544733.852] [OUTPUT-PROBE] status=0/0 levels=0/0 times=0/0 master=15/0 finished=0/0
[1767544734.356] [OUTPUT-PROBE] status=0/0 levels=0/0 times=0/0 master=15/0 finished=0/0
[1767544734.859] [OUTPUT-PROBE] status=0/0 levels=0/0 times=0/0 master=16/0 finished=0/0
[1767544735.373] [OUTPUT-PROBE] status=0/0 levels=0/0 times=0/0 master=16/0 finished=0/0
[1767544735.886] [OUTPUT-PROBE] status=0/0 levels=0/0 times=0/0 master=16/0 finished=0/0
[1767544736.226] [OUTPUT-PROCESS-MSG] Received message type=OutputStartCue
[1767544736.226] [START-CUE] cue=d66b0321 is_new=True fade_in=100
[1767544736.226] [START-CUE-BUFFER] cue=d66b0321 BufferRequest sent for 196608 frames (~2000ms)
[1767544736.274] [DRAIN-ACTIVATE] cue=d66b0321 first PCM, gain=-120.0
[1767544736.274] [DRAIN-FADE-IN] cue=d66b0321 fade_in=4800fr
[1767544736.274] [DECODE-CHUNK] cue=d66b0321 received 79983 frames, eof=True
[1767544736.274] [BUFFER-STARVING] cue=d66b0321 CRITICAL: buffer was at 0fr before receiving 79983fr chunk! This may cause ticking.
[1767544736.274] [DRAIN-PCM-PUSH] cue=d66b0321 frames=79983 total=79983 eof=True ring.eof=True
[1767544736.400] [OUTPUT-PROBE] status=0/0 levels=4/0 times=4/0 master=16/0 finished=0/0
[1767544736.903] [OUTPUT-PROBE] status=0/0 levels=16/0 times=16/0 master=16/0 finished=0/0
[1767544737.407] [OUTPUT-PROBE] status=0/0 levels=16/0 times=16/0 master=16/0 finished=0/0
[1767544737.912] [OUTPUT-PROBE] status=0/0 levels=16/0 times=16/0 master=16/0 finished=0/0
[1767544737.992] [FINISHED] cue=d66b0321 removal_reason=eof_natural
[1767544738.412] [OUTPUT-PROBE] status=0/0 levels=2/0 times=2/0 master=16/0 finished=1/0
[1767544738.854] [OUTPUT-PROCESS-MSG] Received message type=OutputStartCue
[1767544738.854] [START-CUE] cue=14aec17a is_new=True fade_in=100
[1767544738.854] [START-CUE-BUFFER] cue=14aec17a BufferRequest sent for 196608 frames (~2000ms)
[1767544738.896] [DRAIN-ACTIVATE] cue=14aec17a first PCM, gain=-120.0
[1767544738.897] [DRAIN-FADE-IN] cue=14aec17a fade_in=4800fr
[1767544738.897] [DECODE-CHUNK] cue=14aec17a received 77883 frames, eof=True
[1767544738.897] [BUFFER-STARVING] cue=14aec17a CRITICAL: buffer was at 0fr before receiving 77883fr chunk! This may cause ticking.
[1767544738.897] [DRAIN-PCM-PUSH] cue=14aec17a frames=77883 total=77883 eof=True ring.eof=True
[1767544738.926] [OUTPUT-PROBE] status=0/0 levels=0/0 times=0/0 master=16/0 finished=0/0
[1767544739.440] [OUTPUT-PROBE] status=0/0 levels=17/0 times=17/0 master=17/0 finished=0/0
[1767544739.855] [OUTPUT-PROCESS-MSG] Received message type=UpdateCueCommand
[1767544739.855] [OUTPUT-PROCESS-MSG] Received message type=UpdateCueCommand
[1767544739.944] [OUTPUT-PROBE] status=0/0 levels=16/0 times=16/0 master=16/0 finished=0/0
[1767544740.456] [OUTPUT-PROBE] status=0/0 levels=16/0 times=16/0 master=16/0 finished=0/0
[1767544740.596] [FINISHED] cue=14aec17a removal_reason=eof_natural
[1767544740.966] [OUTPUT-PROBE] status=0/0 levels=4/0 times=4/0 master=15/0 finished=1/0
[1767544741.240] [OUTPUT-PROCESS-MSG] Received message type=OutputStartCue
[1767544741.240] [START-CUE] cue=48939080 is_new=True fade_in=100
[1767544741.240] [START-CUE-BUFFER] cue=48939080 BufferRequest sent for 196608 frames (~2000ms)
[1767544741.279] [DRAIN-ACTIVATE] cue=48939080 first PCM, gain=-120.0
[1767544741.279] [DRAIN-FADE-IN] cue=48939080 fade_in=4800fr
[1767544741.279] [DECODE-CHUNK] cue=48939080 received 77883 frames, eof=True
[1767544741.279] [BUFFER-STARVING] cue=48939080 CRITICAL: buffer was at 0fr before receiving 77883fr chunk! This may cause ticking.
[1767544741.279] [DRAIN-PCM-PUSH] cue=48939080 frames=77883 total=77883 eof=True ring.eof=True
[1767544741.480] [OUTPUT-PROBE] status=0/0 levels=6/0 times=6/0 master=17/0 finished=0/0
[1767544741.926] [OUTPUT-PROCESS-MSG] Received message type=UpdateCueCommand
[1767544741.945] [DECODE-CHUNK] cue=48939080 received 122483 frames, eof=False
[1767544741.946] [DRAIN-PCM-PUSH] cue=48939080 frames=122483 total=169646 eof=False ring.eof=False
[1767544741.946] [DECODE-HB] cue=48939080 wid=2 frames=122483 ring_frames=169646 decode_work_ms=0.0 total_ms=15.000000013969839 engine_hold_ms=15.000000013969839 decode_to_engine_ms=15.000000013969839 engine_internal_ms=0.0 engine_to_output_ms=0.0 produced_gap_ms=655.9999999590218
[1767544741.962] [DECODE-CHUNK] cue=48939080 received 133510 frames, eof=False
[1767544741.962] [DRAIN-PCM-PUSH] cue=48939080 frames=133510 total=301108 eof=False ring.eof=False
[1767544741.962] [DECODE-CHUNK] cue=48939080 received 12177 frames, eof=False
[1767544741.962] [DRAIN-PCM-PUSH] cue=48939080 frames=12177 total=313285 eof=False ring.eof=False
[1767544741.991] [OUTPUT-PROBE] status=0/0 levels=16/0 times=16/0 master=16/0 finished=0/0
[1767544742.503] [OUTPUT-PROBE] status=0/0 levels=17/0 times=17/0 master=17/0 finished=0/0
[1767544743.009] [OUTPUT-PROBE] status=0/0 levels=16/0 times=16/0 master=16/0 finished=0/0
[1767544743.519] [OUTPUT-PROBE] status=0/0 levels=16/0 times=16/0 master=16/0 finished=0/0
[1767544744.031] [OUTPUT-PROBE] status=0/0 levels=17/0 times=17/0 master=17/0 finished=0/0
[1767544744.543] [OUTPUT-PROBE] status=0/0 levels=15/0 times=15/0 master=15/0 finished=0/0
[1767544744.692] [OUTPUT-PROCESS-MSG] Received message type=UpdateCueCommand
[1767544745.045] [OUTPUT-PROBE] status=0/0 levels=15/0 times=15/0 master=15/0 finished=0/0
[1767544745.500] [FINISHED] cue=48939080 removal_reason=eof_natural
[1767544745.546] [OUTPUT-PROBE] status=0/0 levels=13/0 times=13/0 master=15/0 finished=1/0
[1767544746.059] [OUTPUT-PROBE] status=0/0 levels=0/0 times=0/0 master=15/0 finished=0/0
[1767544746.570] [OUTPUT-PROBE] status=0/0 levels=0/0 times=0/0 master=16/0 finished=0/0
[1767544747.080] [OUTPUT-PROBE] status=0/0 levels=0/0 times=0/0 master=17/0 finished=0/0
[1767544747.217] [OUTPUT-PROCESS-MSG] Received message type=OutputStartCue
[1767544747.217] [START-CUE] cue=4190f784 is_new=True fade_in=100
[1767544747.217] [START-CUE-BUFFER] cue=4190f784 BufferRequest sent for 196608 frames (~2000ms)
[1767544747.268] [DRAIN-ACTIVATE] cue=4190f784 first PCM, gain=-120.0
[1767544747.268] [DRAIN-FADE-IN] cue=4190f784 fade_in=4800fr
[1767544747.268] [DECODE-CHUNK] cue=4190f784 received 77883 frames, eof=True
[1767544747.268] [BUFFER-STARVING] cue=4190f784 CRITICAL: buffer was at 0fr before receiving 77883fr chunk! This may cause ticking.
[1767544747.268] [DRAIN-PCM-PUSH] cue=4190f784 frames=77883 total=77883 eof=True ring.eof=True
[1767544747.591] [OUTPUT-PROBE] status=0/0 levels=10/0 times=10/0 master=16/0 finished=0/0
[1767544748.102] [OUTPUT-PROBE] status=0/0 levels=16/0 times=16/0 master=16/0 finished=0/0
[1767544748.320] [OUTPUT-PROCESS-MSG] Received message type=UpdateCueCommand
[1767544748.350] [DECODE-CHUNK] cue=4190f784 received 122483 frames, eof=False
[1767544748.350] [DRAIN-PCM-PUSH] cue=4190f784 frames=122483 total=149166 eof=False ring.eof=False
[1767544748.350] [DECODE-HB] cue=4190f784 wid=3 frames=122483 ring_frames=149166 decode_work_ms=16.00000006146729 total_ms=15.999999945051968 engine_hold_ms=0.0 decode_to_engine_ms=0.0 engine_internal_ms=0.0 engine_to_output_ms=15.999999945051968 produced_gap_ms=1077.999999979511
[1767544748.365] [DECODE-CHUNK] cue=4190f784 received 133510 frames, eof=False
[1767544748.365] [DRAIN-PCM-PUSH] cue=4190f784 frames=133510 total=280628 eof=False ring.eof=False
[1767544748.367] [DECODE-CHUNK] cue=4190f784 received 32657 frames, eof=False
[1767544748.367] [DRAIN-PCM-PUSH] cue=4190f784 frames=32657 total=313285 eof=False ring.eof=False
[1767544748.612] [OUTPUT-PROBE] status=0/0 levels=17/0 times=17/0 master=17/0 finished=0/0
[1767544749.124] [OUTPUT-PROBE] status=0/0 levels=15/0 times=15/0 master=15/0 finished=0/0
[1767544749.638] [OUTPUT-PROBE] status=0/0 levels=15/0 times=15/0 master=15/0 finished=0/0
[1767544750.151] [OUTPUT-PROBE] status=0/0 levels=17/0 times=17/0 master=17/0 finished=0/0
[1767544750.662] [OUTPUT-PROBE] status=0/0 levels=16/0 times=16/0 master=16/0 finished=0/0
[1767544751.175] [OUTPUT-PROBE] status=0/0 levels=17/0 times=17/0 master=17/0 finished=0/0
[1767544751.687] [OUTPUT-PROBE] status=0/0 levels=16/0 times=16/0 master=16/0 finished=0/0
[1767544751.833] [OUTPUT-PROCESS-MSG] Received message type=UpdateCueCommand
[1767544752.197] [OUTPUT-PROBE] status=0/0 levels=16/0 times=16/0 master=16/0 finished=0/0
[1767544752.707] [OUTPUT-PROBE] status=0/0 levels=16/0 times=16/0 master=16/0 finished=0/0
[1767544752.847] [DECODE-CHUNK] cue=4190f784 received 19943 frames, eof=True
[1767544752.847] [DRAIN-PCM-PUSH] cue=4190f784 frames=19943 total=118188 eof=True ring.eof=True
[1767544752.847] [DECODE-HB] cue=4190f784 wid=3 frames=19943 ring_frames=118188 decode_work_ms=0.0 total_ms=15.999999945051968 engine_hold_ms=15.999999945051968 decode_to_engine_ms=15.999999945051968 engine_internal_ms=0.0 engine_to_output_ms=0.0 produced_gap_ms=4500.0
[1767544753.218] [OUTPUT-PROBE] status=0/0 levels=16/0 times=16/0 master=16/0 finished=0/0
[1767544753.718] [OUTPUT-PROBE] status=0/0 levels=16/0 times=16/0 master=16/0 finished=0/0
[1767544754.231] [OUTPUT-PROBE] status=0/0 levels=16/0 times=16/0 master=16/0 finished=0/0
[1767544754.732] [OUTPUT-PROBE] status=0/0 levels=16/0 times=16/0 master=16/0 finished=0/0
[1767544755.243] [OUTPUT-PROBE] status=0/0 levels=16/0 times=16/0 master=16/0 finished=0/0
[1767544755.353] [FINISHED] cue=4190f784 removal_reason=eof_natural
[1767544755.759] [OUTPUT-PROBE] status=0/0 levels=3/0 times=3/0 master=17/0 finished=1/0
[1767544756.270] [OUTPUT-PROBE] status=0/0 levels=0/0 times=0/0 master=16/0 finished=0/0
[1767544756.783] [OUTPUT-PROBE] status=0/0 levels=0/0 times=0/0 master=17/0 finished=0/0
[1767544757.083] [OUTPUT-PROCESS-MSG] Received message type=OutputStartCue
[1767544757.084] [START-CUE] cue=4c463f12 is_new=True fade_in=100
[1767544757.084] [START-CUE-BUFFER] cue=4c463f12 BufferRequest sent for 196608 frames (~2000ms)
[1767544757.204] [DRAIN-ACTIVATE] cue=4c463f12 first PCM, gain=-120.0
[1767544757.204] [DRAIN-FADE-IN] cue=4c463f12 fade_in=4800fr
[1767544757.204] [DECODE-CHUNK] cue=4c463f12 received 77883 frames, eof=True
[1767544757.204] [BUFFER-STARVING] cue=4c463f12 CRITICAL: buffer was at 0fr before receiving 77883fr chunk! This may cause ticking.
[1767544757.204] [DRAIN-PCM-PUSH] cue=4c463f12 frames=77883 total=77883 eof=True ring.eof=True
[1767544757.291] [OUTPUT-PROBE] status=0/0 levels=2/0 times=2/0 master=15/0 finished=0/0
[1767544757.805] [OUTPUT-PROBE] status=0/0 levels=16/0 times=16/0 master=16/0 finished=0/0
[1767544758.170] [OUTPUT-PROCESS-MSG] Received message type=UpdateCueCommand
[1767544758.228] [DECODE-CHUNK] cue=4c463f12 received 131400 frames, eof=False
[1767544758.229] [DRAIN-PCM-PUSH] cue=4c463f12 frames=131400 total=160131 eof=False ring.eof=False
[1767544758.230] [DECODE-HB] cue=4c463f12 wid=4 frames=131400 ring_frames=160131 decode_work_ms=15.000000013969839 total_ms=32.00000000651926 engine_hold_ms=16.00000006146729 decode_to_engine_ms=16.00000006146729 engine_internal_ms=0.0 engine_to_output_ms=15.999999945051968 produced_gap_ms=1015.0000000139698
[1767544758.274] [DECODE-CHUNK] cue=4c463f12 received 133509 frames, eof=False
[1767544758.275] [DRAIN-PCM-PUSH] cue=4c463f12 frames=133509 total=291592 eof=False ring.eof=False
[1767544758.276] [DECODE-CHUNK] cue=4c463f12 received 19645 frames, eof=False
[1767544758.276] [DRAIN-PCM-PUSH] cue=4c463f12 frames=19645 total=311237 eof=False ring.eof=False
[1767544758.316] [OUTPUT-PROBE] status=0/0 levels=16/0 times=16/0 master=16/0 finished=0/0
[1767544758.831] [OUTPUT-PROBE] status=0/0 levels=17/0 times=17/0 master=17/0 finished=0/0
[1767544759.343] [OUTPUT-PROBE] status=0/0 levels=16/0 times=16/0 master=16/0 finished=0/0
[1767544759.849] [OUTPUT-PROBE] status=0/0 levels=16/0 times=16/0 master=16/0 finished=0/0
[1767544760.362] [OUTPUT-PROBE] status=0/0 levels=17/0 times=17/0 master=17/0 finished=0/0
[1767544760.875] [OUTPUT-PROBE] status=0/0 levels=16/0 times=16/0 master=16/0 finished=0/0
[1767544761.362] [OUTPUT-PROCESS-MSG] Received message type=UpdateCueCommand
[1767544761.389] [OUTPUT-PROBE] status=0/0 levels=17/0 times=17/0 master=17/0 finished=0/0
[1767544761.623] [FINISHED] cue=4c463f12 removal_reason=eof_natural
[1767544761.894] [OUTPUT-PROBE] status=0/0 levels=5/0 times=5/0 master=13/0 finished=1/0
[1767544762.399] [OUTPUT-PROBE] status=0/0 levels=0/0 times=0/0 master=16/0 finished=0/0
[1767544762.913] [OUTPUT-PROBE] status=0/0 levels=0/0 times=0/0 master=16/0 finished=0/0
[1767544763.429] [OUTPUT-PROBE] status=0/0 levels=0/0 times=0/0 master=17/0 finished=0/0
[1767544763.557] [OUTPUT-PROCESS-MSG] Received message type=OutputStartCue
[1767544763.557] [START-CUE] cue=ce1e83f9 is_new=True fade_in=100
[1767544763.557] [START-CUE-BUFFER] cue=ce1e83f9 BufferRequest sent for 196608 frames (~2000ms)
[1767544763.633] [DRAIN-ACTIVATE] cue=ce1e83f9 first PCM, gain=-120.0
[1767544763.633] [DRAIN-FADE-IN] cue=ce1e83f9 fade_in=4800fr
[1767544763.634] [DECODE-CHUNK] cue=ce1e83f9 received 77883 frames, eof=True
[1767544763.634] [BUFFER-STARVING] cue=ce1e83f9 CRITICAL: buffer was at 0fr before receiving 77883fr chunk! This may cause ticking.
[1767544763.634] [DRAIN-PCM-PUSH] cue=ce1e83f9 frames=77883 total=77883 eof=True ring.eof=True
[1767544763.938] [OUTPUT-PROBE] status=0/0 levels=9/0 times=9/0 master=16/0 finished=0/0
[1767544764.449] [OUTPUT-PROBE] status=0/0 levels=16/0 times=16/0 master=16/0 finished=0/0
[1767544764.534] [OUTPUT-PROCESS-MSG] Received message type=UpdateCueCommand
[1767544764.558] [DECODE-CHUNK] cue=ce1e83f9 received 122483 frames, eof=False
[1767544764.558] [DRAIN-PCM-PUSH] cue=ce1e83f9 frames=122483 total=157358 eof=False ring.eof=False
[1767544764.558] [DECODE-HB] cue=ce1e83f9 wid=5 frames=122483 ring_frames=157358 decode_work_ms=0.0 total_ms=15.999999945051968 engine_hold_ms=15.999999945051968 decode_to_engine_ms=15.999999945051968 engine_internal_ms=0.0 engine_to_output_ms=0.0 produced_gap_ms=922.0000000204891
[1767544764.574] [DECODE-CHUNK] cue=ce1e83f9 received 133510 frames, eof=False
[1767544764.574] [DRAIN-PCM-PUSH] cue=ce1e83f9 frames=133510 total=288820 eof=False ring.eof=False
[1767544764.574] [DECODE-CHUNK] cue=ce1e83f9 received 24465 frames, eof=False
[1767544764.574] [DRAIN-PCM-PUSH] cue=ce1e83f9 frames=24465 total=313285 eof=False ring.eof=False
[1767544764.960] [OUTPUT-PROBE] status=0/0 levels=17/0 times=17/0 master=17/0 finished=0/0
[1767544765.471] [OUTPUT-PROBE] status=0/0 levels=16/0 times=16/0 master=16/0 finished=0/0
[1767544765.977] [OUTPUT-PROBE] status=0/0 levels=16/0 times=16/0 master=16/0 finished=0/0
[1767544766.490] [OUTPUT-PROBE] status=0/0 levels=17/0 times=17/0 master=17/0 finished=0/0
[1767544766.999] [OUTPUT-PROBE] status=0/0 levels=16/0 times=16/0 master=16/0 finished=0/0
[1767544767.510] [OUTPUT-PROBE] status=0/0 levels=16/0 times=16/0 master=16/0 finished=0/0
[1767544768.015] [OUTPUT-PROBE] status=0/0 levels=17/0 times=17/0 master=17/0 finished=0/0
[1767544768.524] [OUTPUT-PROBE] status=0/0 levels=16/0 times=16/0 master=16/0 finished=0/0
[1767544769.030] [OUTPUT-PROBE] status=0/0 levels=16/0 times=16/0 master=16/0 finished=0/0
[1767544769.077] [DECODE-CHUNK] cue=ce1e83f9 received 98363 frames, eof=False
[1767544769.077] [DRAIN-PCM-PUSH] cue=ce1e83f9 frames=98363 total=196608 eof=False ring.eof=False
[1767544769.077] [DECODE-HB] cue=ce1e83f9 wid=5 frames=98363 ring_frames=196608 decode_work_ms=0.0 total_ms=16.00000006146729 engine_hold_ms=0.0 decode_to_engine_ms=0.0 engine_internal_ms=0.0 engine_to_output_ms=16.00000006146729 produced_gap_ms=4530.999999959022
[1767544769.281] [OUTPUT-PROCESS-MSG] Received message type=UpdateCueCommand
[1767544769.541] [OUTPUT-PROBE] status=0/0 levels=16/0 times=16/0 master=16/0 finished=0/0
[1767544770.049] [OUTPUT-PROBE] status=0/0 levels=17/0 times=17/0 master=17/0 finished=0/0
[1767544770.559] [OUTPUT-PROBE] status=0/0 levels=15/0 times=15/0 master=15/0 finished=0/0
[1767544771.066] [OUTPUT-PROBE] status=0/0 levels=16/0 times=16/0 master=16/0 finished=0/0
[1767544771.128] [STARVATION] cue=ce1e83f9 underflows=0 missing_total=0 last_missing=0 partials=1 padded_total=59 last_padded=59 ring_frames=0 eof=True hb{wid=5 decode_work_ms=0.0 total_ms=16.00000006146729 engine_hold_ms=0.0 decode_to_engine_ms=0.0 engine_internal_ms=0.0 engine_to_output_ms=16.00000006146729}
[1767544771.128] [OUTPUT-PROBE] status=0/0 levels=2/0 times=2/0 master=2/0 finished=0/0
[1767544771.144] [FINISHED] cue=ce1e83f9 removal_reason=eof_natural
[1767544771.639] [OUTPUT-PROBE] status=0/0 levels=0/0 times=0/0 master=17/0 finished=1/0
[1767544772.150] [OUTPUT-PROBE] status=0/0 levels=0/0 times=0/0 master=16/0 finished=0/0
[1767544772.239] [OUTPUT-PROCESS-MSG] Received message type=OutputStartCue
[1767544772.239] [START-CUE] cue=de63a434 is_new=True fade_in=100
[1767544772.239] [START-CUE-BUFFER] cue=de63a434 BufferRequest sent for 196608 frames (~2000ms)
[1767544772.276] [DRAIN-ACTIVATE] cue=de63a434 first PCM, gain=-120.0
[1767544772.276] [DRAIN-FADE-IN] cue=de63a434 fade_in=4800fr
[1767544772.276] [DECODE-CHUNK] cue=de63a434 received 133730 frames, eof=False
[1767544772.276] [BUFFER-STARVING] cue=de63a434 CRITICAL: buffer was at 0fr before receiving 133730fr chunk! This may cause ticking.
[1767544772.277] [DRAIN-PCM-PUSH] cue=de63a434 frames=133730 total=133730 eof=False ring.eof=False
[1767544772.277] [DECODE-CHUNK] cue=de63a434 received 62878 frames, eof=False
[1767544772.277] [DRAIN-PCM-PUSH] cue=de63a434 frames=62878 total=196608 eof=False ring.eof=False
[1767544772.663] [OUTPUT-PROBE] status=0/0 levels=12/0 times=12/0 master=16/0 finished=0/0
[1767544773.171] [OUTPUT-PROBE] status=0/0 levels=17/0 times=17/0 master=17/0 finished=0/0
[1767544773.681] [OUTPUT-PROBE] status=0/0 levels=16/0 times=16/0 master=16/0 finished=0/0
[1767544773.750] [OUTPUT-PROCESS-MSG] Received message type=UpdateCueCommand
[1767544774.190] [OUTPUT-PROBE] status=0/0 levels=16/0 times=16/0 master=16/0 finished=0/0
[1767544774.379] [DECODE-CHUNK] cue=de63a434 received 100352 frames, eof=False
[1767544774.379] [DRAIN-PCM-PUSH] cue=de63a434 frames=100352 total=196608 eof=False ring.eof=False
[1767544774.379] [DECODE-HB] cue=de63a434 wid=6 frames=100352 ring_frames=196608 decode_work_ms=15.000000013969839 total_ms=16.00000006146729 engine_hold_ms=16.00000006146729 decode_to_engine_ms=0.0 engine_internal_ms=16.00000006146729 engine_to_output_ms=0.0 produced_gap_ms=2108.9999999385327
[1767544774.702] [OUTPUT-PROBE] status=0/0 levels=17/0 times=17/0 master=17/0 finished=0/0
[1767544775.213] [OUTPUT-PROBE] status=0/0 levels=15/0 times=15/0 master=15/0 finished=0/0
[1767544775.726] [OUTPUT-PROBE] status=0/0 levels=17/0 times=17/0 master=17/0 finished=0/0
[1767544776.234] [OUTPUT-PROBE] status=0/0 levels=16/0 times=16/0 master=16/0 finished=0/0
[1767544776.466] [DECODE-CHUNK] cue=de63a434 received 100352 frames, eof=False
[1767544776.466] [DRAIN-PCM-PUSH] cue=de63a434 frames=100352 total=196608 eof=False ring.eof=False
[1767544776.466] [DECODE-HB] cue=de63a434 wid=6 frames=100352 ring_frames=196608 decode_work_ms=0.0 total_ms=16.00000006146729 engine_hold_ms=0.0 decode_to_engine_ms=0.0 engine_internal_ms=0.0 engine_to_output_ms=16.00000006146729 produced_gap_ms=2077.999999979511
[1767544776.743] [OUTPUT-PROBE] status=0/0 levels=16/0 times=16/0 master=16/0 finished=0/0
[1767544777.253] [OUTPUT-PROBE] status=0/0 levels=17/0 times=17/0 master=17/0 finished=0/0
[1767544777.766] [OUTPUT-PROBE] status=0/0 levels=16/0 times=16/0 master=16/0 finished=0/0
[1767544778.275] [OUTPUT-PROBE] status=0/0 levels=16/0 times=16/0 master=16/0 finished=0/0
[1767544778.516] [OUTPUT-PROCESS-MSG] Received message type=UpdateCueCommand
[1767544778.589] [DECODE-CHUNK] cue=de63a434 received 49547 frames, eof=True
[1767544778.589] [DRAIN-PCM-PUSH] cue=de63a434 frames=49547 total=143755 eof=True ring.eof=True
[1767544778.590] [DECODE-HB] cue=de63a434 wid=6 frames=49547 ring_frames=143755 decode_work_ms=15.000000013969839 total_ms=16.00000006146729 engine_hold_ms=16.00000006146729 decode_to_engine_ms=16.00000006146729 engine_internal_ms=0.0 engine_to_output_ms=0.0 produced_gap_ms=2125.0
[1767544778.789] [OUTPUT-PROBE] status=0/0 levels=17/0 times=17/0 master=17/0 finished=0/0
[1767544779.302] [OUTPUT-PROBE] status=0/0 levels=16/0 times=16/0 master=16/0 finished=0/0
[1767544779.813] [OUTPUT-PROBE] status=0/0 levels=17/0 times=17/0 master=17/0 finished=0/0
[1767544780.322] [OUTPUT-PROBE] status=0/0 levels=16/0 times=16/0 master=16/0 finished=0/0
[1767544780.834] [OUTPUT-PROBE] status=0/0 levels=16/0 times=16/0 master=16/0 finished=0/0
[1767544781.345] [OUTPUT-PROBE] status=0/0 levels=17/0 times=17/0 master=17/0 finished=0/0
[1767544781.637] [FINISHED] cue=de63a434 removal_reason=eof_natural
[1767544781.855] [OUTPUT-PROBE] status=0/0 levels=8/0 times=8/0 master=16/0 finished=1/0
[1767544782.365] [OUTPUT-PROBE] status=0/0 levels=0/0 times=0/0 master=16/0 finished=0/0
[1767544782.874] [OUTPUT-PROBE] status=0/0 levels=0/0 times=0/0 master=17/0 finished=0/0
[1767544783.376] [OUTPUT-PROBE] status=0/0 levels=0/0 times=0/0 master=16/0 finished=0/0
[1767544783.877] [OUTPUT-PROBE] status=0/0 levels=0/0 times=0/0 master=16/0 finished=0/0
[1767544784.387] [OUTPUT-PROBE] status=0/0 levels=0/0 times=0/0 master=16/0 finished=0/0
[1767544784.897] [OUTPUT-PROBE] status=0/0 levels=0/0 times=0/0 master=16/0 finished=0/0
[1767544785.407] [OUTPUT-PROBE] status=0/0 levels=0/0 times=0/0 master=17/0 finished=0/0
[1767544785.922] [OUTPUT-PROBE] status=0/0 levels=0/0 times=0/0 master=15/0 finished=0/0
[1767544786.096] [OUTPUT-PROCESS-MSG] Received message type=OutputStartCue
[1767544786.096] [START-CUE] cue=bafe9208 is_new=True fade_in=100
[1767544786.097] [START-CUE-BUFFER] cue=bafe9208 BufferRequest sent for 196608 frames (~2000ms)
[1767544786.156] [DRAIN-ACTIVATE] cue=bafe9208 first PCM, gain=-120.0
[1767544786.156] [DRAIN-FADE-IN] cue=bafe9208 fade_in=4800fr
[1767544786.156] [DECODE-CHUNK] cue=bafe9208 received 133730 frames, eof=False
[1767544786.156] [BUFFER-STARVING] cue=bafe9208 CRITICAL: buffer was at 0fr before receiving 133730fr chunk! This may cause ticking.
[1767544786.156] [DRAIN-PCM-PUSH] cue=bafe9208 frames=133730 total=133730 eof=False ring.eof=False
[1767544786.158] [DECODE-CHUNK] cue=bafe9208 received 62878 frames, eof=False
[1767544786.158] [DRAIN-PCM-PUSH] cue=bafe9208 frames=62878 total=196608 eof=False ring.eof=False
[1767544786.430] [OUTPUT-PROBE] status=0/0 levels=7/0 times=7/0 master=15/0 finished=0/0
[1767544786.940] [OUTPUT-PROBE] status=0/0 levels=17/0 times=17/0 master=17/0 finished=0/0
[1767544787.446] [OUTPUT-PROBE] status=0/0 levels=16/0 times=16/0 master=16/0 finished=0/0
[1767544787.955] [OUTPUT-PROBE] status=0/0 levels=15/0 times=15/0 master=15/0 finished=0/0
[1767544788.299] [DECODE-CHUNK] cue=bafe9208 received 100352 frames, eof=False
[1767544788.300] [DRAIN-PCM-PUSH] cue=bafe9208 frames=100352 total=194560 eof=False ring.eof=False
[1767544788.300] [DECODE-HB] cue=bafe9208 wid=7 frames=100352 ring_frames=194560 decode_work_ms=15.999999945051968 total_ms=30.999999959021807 engine_hold_ms=15.000000013969839 decode_to_engine_ms=15.000000013969839 engine_internal_ms=0.0 engine_to_output_ms=15.999999945051968 produced_gap_ms=2125.0
[1767544788.467] [OUTPUT-PROBE] status=0/0 levels=16/0 times=16/0 master=16/0 finished=0/0
[1767544788.978] [OUTPUT-PROBE] status=0/0 levels=17/0 times=17/0 master=17/0 finished=0/0
[1767544789.484] [OUTPUT-PROBE] status=0/0 levels=16/0 times=16/0 master=16/0 finished=0/0
[1767544789.994] [OUTPUT-PROBE] status=0/0 levels=16/0 times=16/0 master=16/0 finished=0/0
[1767544790.384] [DECODE-CHUNK] cue=bafe9208 received 100352 frames, eof=False
[1767544790.385] [DRAIN-PCM-PUSH] cue=bafe9208 frames=100352 total=194560 eof=False ring.eof=False
[1767544790.385] [DECODE-HB] cue=bafe9208 wid=7 frames=100352 ring_frames=194560 decode_work_ms=15.000000013969839 total_ms=16.00000006146729 engine_hold_ms=16.00000006146729 decode_to_engine_ms=16.00000006146729 engine_internal_ms=0.0 engine_to_output_ms=0.0 produced_gap_ms=2092.9999999934807
[1767544790.504] [OUTPUT-PROBE] status=0/0 levels=16/0 times=16/0 master=16/0 finished=0/0
[1767544791.014] [OUTPUT-PROBE] status=0/0 levels=17/0 times=17/0 master=17/0 finished=0/0
[1767544791.527] [OUTPUT-PROBE] status=0/0 levels=16/0 times=16/0 master=16/0 finished=0/0
[1767544792.033] [OUTPUT-PROBE] status=0/0 levels=16/0 times=16/0 master=16/0 finished=0/0
[1767544792.468] [DECODE-CHUNK] cue=bafe9208 received 100352 frames, eof=False
[1767544792.469] [DRAIN-PCM-PUSH] cue=bafe9208 frames=100352 total=196608 eof=False ring.eof=False
[1767544792.469] [DECODE-HB] cue=bafe9208 wid=7 frames=100352 ring_frames=196608 decode_work_ms=0.0 total_ms=32.00000000651926 engine_hold_ms=16.00000006146729 decode_to_engine_ms=16.00000006146729 engine_internal_ms=0.0 engine_to_output_ms=15.999999945051968 produced_gap_ms=2077.999999979511
[1767544792.544] [OUTPUT-PROBE] status=0/0 levels=16/0 times=16/0 master=16/0 finished=0/0
[1767544793.054] [OUTPUT-PROBE] status=0/0 levels=16/0 times=16/0 master=16/0 finished=0/0
[1767544793.519] [OUTPUT-PROCESS-MSG] Received message type=OutputFadeTo
[1767544793.519] [OUTPUT-FADE-START] cue=bafe9208 target_db=-120.0 duration_ms=500 current_gain=1.0
[1767544793.519] FadeTo created: cue=bafe9208ca504e2d8e66e8bf9e8327e7 cur=1.0 target=0.0 frames=24000 curve=linear
[1767544793.577] [OUTPUT-PROBE] status=0/0 levels=17/0 times=17/0 master=17/0 finished=0/0
[1767544794.025] [FINISHED] cue=bafe9208 removal_reason=eof_natural
[1767544794.088] [OUTPUT-PROBE] status=0/0 levels=12/0 times=12/0 master=13/0 finished=1/0
[1767544794.598] [OUTPUT-PROBE] status=0/0 levels=0/0 times=0/0 master=17/0 finished=0/0
[1767544795.105] [OUTPUT-PROBE] status=0/0 levels=0/0 times=0/0 master=16/0 finished=0/0
[1767544795.445] [OUTPUT-PROBE] status=0/0 levels=0/0 times=0/0 master=11/0 finished=0/0
